Copyright 1986-2022 Xilinx, Inc. All Rights Reserved. Copyright 2022-2023 Advanced Micro Devices, Inc. All Rights Reserved.
---------------------------------------------------------------------------------------------------------------------------------------------
| Tool Version : Vivado v.2023.2 (lin64) Build 4029153 Fri Oct 13 20:13:54 MDT 2023
| Date         : Sun Jul 12 19:22:10 2026
| Host         : Ma5XD running 64-bit Arch Linux
| Command      : report_timing_summary -file timing_summary.rpt
| Design       : snake_game
| Device       : 7a35t-cpg236
| Speed File   : -1  PRODUCTION 1.23 2018-06-13
| Design State : Routed
---------------------------------------------------------------------------------------------------------------------------------------------

Timing Summary Report

------------------------------------------------------------------------------------------------
| Timer Settings
| --------------
------------------------------------------------------------------------------------------------

  Enable Multi Corner Analysis               :  Yes
  Enable Pessimism Removal                   :  Yes
  Pessimism Removal Resolution               :  Nearest Common Node
  Enable Input Delay Default Clock           :  No
  Enable Preset / Clear Arcs                 :  No
  Disable Flight Delays                      :  No
  Ignore I/O Paths                           :  No
  Timing Early Launch at Borrowing Latches   :  No
  Borrow Time for Max Delay Exceptions       :  Yes
  Merge Timing Exceptions                    :  Yes
  Inter-SLR Compensation                     :  Conservative

  Corner  Analyze    Analyze    
  Name    Max Paths  Min Paths  
  ------  ---------  ---------  
  Slow    Yes        Yes        
  Fast    Yes        Yes        


------------------------------------------------------------------------------------------------
| Report Methodology
| ------------------
------------------------------------------------------------------------------------------------

No report available as report_methodology has not been run prior. Run report_methodology on the current design for the summary of methodology violations.



check_timing report

Table of Contents
-----------------
1. checking no_clock (0)
2. checking constant_clock (0)
3. checking pulse_width_clock (0)
4. checking unconstrained_internal_endpoints (0)
5. checking no_input_delay (2)
6. checking no_output_delay (26)
7. checking multiple_clock (0)
8. checking generated_clocks (0)
9. checking loops (0)
10. checking partial_input_delay (0)
11. checking partial_output_delay (0)
12. checking latch_loops (0)

1. checking no_clock (0)
------------------------
 There are 0 register/latch pins with no clock.


2. checking constant_clock (0)
------------------------------
 There are 0 register/latch pins with constant_clock.


3. checking pulse_width_clock (0)
---------------------------------
 There are 0 register/latch pins which need pulse_width check


4. checking unconstrained_internal_endpoints (0)
------------------------------------------------
 There are 0 pins that are not constrained for maximum delay.

 There are 0 pins that are not constrained for maximum delay due to constant clock.


5. checking no_input_delay (2)
------------------------------
 There are 2 input ports with no input delay specified. (HIGH)

 There are 0 input ports with no input delay but user has a false path constraint.


6. checking no_output_delay (26)
--------------------------------
 There are 26 ports with no output delay specified. (HIGH)

 There are 0 ports with no output delay but user has a false path constraint

 There are 0 ports with no output delay but with a timing clock defined on it or propagating through it


7. checking multiple_clock (0)
------------------------------
 There are 0 register/latch pins with multiple clocks.


8. checking generated_clocks (0)
--------------------------------
 There are 0 generated clocks that are not connected to a clock source.


9. checking loops (0)
---------------------
 There are 0 combinational loops in the design.


10. checking partial_input_delay (0)
------------------------------------
 There are 0 input ports with partial input delay specified.


11. checking partial_output_delay (0)
-------------------------------------
 There are 0 ports with partial output delay specified.


12. checking latch_loops (0)
----------------------------
 There are 0 combinational latch loops in the design through latch input



------------------------------------------------------------------------------------------------
| Design Timing Summary
| ---------------------
------------------------------------------------------------------------------------------------

    WNS(ns)      TNS(ns)  TNS Failing Endpoints  TNS Total Endpoints      WHS(ns)      THS(ns)  THS Failing Endpoints  THS Total Endpoints     WPWS(ns)     TPWS(ns)  TPWS Failing Endpoints  TPWS Total Endpoints  
    -------      -------  ---------------------  -------------------      -------      -------  ---------------------  -------------------     --------     --------  ----------------------  --------------------  
      1.239        0.000                      0                 2288        0.060        0.000                      0                 2288        4.500        0.000                       0                  1134  


All user specified timing constraints are met.


------------------------------------------------------------------------------------------------
| Clock Summary
| -------------
------------------------------------------------------------------------------------------------

Clock        Waveform(ns)             Period(ns)      Frequency(MHz)
-----        ------------             ----------      --------------
ps2_clk      {0.000 29999.999}        59999.998       0.017           
sys_clk_pin  {0.000 5.000}            10.000          100.000         


------------------------------------------------------------------------------------------------
| Intra Clock Table
| -----------------
------------------------------------------------------------------------------------------------

Clock             WNS(ns)      TNS(ns)  TNS Failing Endpoints  TNS Total Endpoints      WHS(ns)      THS(ns)  THS Failing Endpoints  THS Total Endpoints     WPWS(ns)     TPWS(ns)  TPWS Failing Endpoints  TPWS Total Endpoints  
-----             -------      -------  ---------------------  -------------------      -------      -------  ---------------------  -------------------     --------     --------  ----------------------  --------------------  
ps2_clk         59995.566        0.000                      0                   41        0.138        0.000                      0                   41    29999.498        0.000                       0                    35  
sys_clk_pin         1.239        0.000                      0                 2227        0.060        0.000                      0                 2227        4.500        0.000                       0                  1099  


------------------------------------------------------------------------------------------------
| Inter Clock Table
| -----------------
------------------------------------------------------------------------------------------------

From Clock    To Clock          WNS(ns)      TNS(ns)  TNS Failing Endpoints  TNS Total Endpoints      WHS(ns)      THS(ns)  THS Failing Endpoints  THS Total Endpoints  
----------    --------          -------      -------  ---------------------  -------------------      -------      -------  ---------------------  -------------------  


------------------------------------------------------------------------------------------------
| Other Path Groups Table
| -----------------------
------------------------------------------------------------------------------------------------

Path Group         From Clock         To Clock               WNS(ns)      TNS(ns)  TNS Failing Endpoints  TNS Total Endpoints      WHS(ns)      THS(ns)  THS Failing Endpoints  THS Total Endpoints  
----------         ----------         --------               -------      -------  ---------------------  -------------------      -------      -------  ---------------------  -------------------  
**async_default**  sys_clk_pin        sys_clk_pin              7.575        0.000                      0                   20        0.729        0.000                      0                   20  


------------------------------------------------------------------------------------------------
| Timing Details
| --------------
------------------------------------------------------------------------------------------------


---------------------------------------------------------------------------------------------------
From Clock:  ps2_clk
  To Clock:  ps2_clk

Setup :            0  Failing Endpoints,  Worst Slack    59995.566ns,  Total Violation        0.000ns
Hold  :            0  Failing Endpoints,  Worst Slack        0.138ns,  Total Violation        0.000ns
PW    :            0  Failing Endpoints,  Worst Slack    29999.498ns,  Total Violation        0.000ns
---------------------------------------------------------------------------------------------------


Max Delay Paths
--------------------------------------------------------------------------------------
Slack (MET) :             59995.566ns  (required time - arrival time)
  Source:                 ps2_interface/shift_reg_reg[18]/C
                            (falling edge-triggered cell FDCE clocked by ps2_clk  {rise@0.000ns fall@30000.000ns period=60000.000ns})
  Destination:            ps2_interface/scancode_reg[0]/CE
                            (falling edge-triggered cell FDCE clocked by ps2_clk  {rise@0.000ns fall@30000.000ns period=60000.000ns})
  Path Group:             ps2_clk
  Path Type:              Setup (Max at Slow Process Corner)
  Requirement:            60000.004ns  (ps2_clk fall@90000.000ns - ps2_clk fall@30000.000ns)
  Data Path Delay:        4.206ns  (logic 1.033ns (24.563%)  route 3.172ns (75.433%))
  Logic Levels:           3  (LUT2=1 LUT4=1 LUT5=1)
  Clock Path Skew:        -0.024ns (DCD - SCD + CPR)
    Destination Clock Delay (DCD):    5.080ns = ( 90005.078 - 90000.000 ) 
    Source Clock Delay      (SCD):    5.390ns = ( 30005.391 - 30000.000 ) 
    Clock Pessimism Removal (CPR):    0.285ns
  Clock Uncertainty:      0.035ns  ((TSJ^2 + TIJ^2)^1/2 + DJ) / 2 + PE
    Total System Jitter     (TSJ):    0.071ns
    Total Input Jitter      (TIJ):    0.000ns
    Discrete Jitter          (DJ):    0.000ns
    Phase Error              (PE):    0.000ns

    Location             Delay type                Incr(ns)  Path(ns)    Netlist Resource(s)
  -------------------------------------------------------------------    -------------------
                         (clock ps2_clk fall edge)30000.000 30000.000 f  
    C17                                               0.000 30000.000 f  PS2Clk (IN)
                         net (fo=0)                   0.000 30000.000    PS2Clk
    C17                  IBUF (Prop_ibuf_I_O)         1.448 30001.449 f  PS2Clk_IBUF_inst/O
                         net (fo=1, routed)           2.273 30003.723    PS2Clk_IBUF
    BUFGCTRL_X0Y16       BUFG (Prop_bufg_I_O)         0.096 30003.818 f  PS2Clk_IBUF_BUFG_inst/O
                         net (fo=34, routed)          1.571 30005.391    ps2_interface/CLK
    SLICE_X10Y44         FDCE                                         r  ps2_interface/shift_reg_reg[18]/C  (IS_INVERTED)
  -------------------------------------------------------------------    -------------------
    SLICE_X10Y44         FDCE (Prop_fdce_C_Q)         0.484 30005.875 f  ps2_interface/shift_reg_reg[18]/Q
                         net (fo=4, routed)           0.714 30006.590    ps2_interface/cur_byte[5]
    SLICE_X10Y44         LUT4 (Prop_lut4_I2_O)        0.301 30006.891 r  ps2_interface/scancode[7]_i_5/O
                         net (fo=1, routed)           0.865 30007.756    ps2_interface/scancode[7]_i_5_n_0
    SLICE_X11Y44         LUT5 (Prop_lut5_I3_O)        0.124 30007.879 r  ps2_interface/scancode[7]_i_3/O
                         net (fo=3, routed)           0.980 30008.859    ps2_interface/scancode[7]_i_3_n_0
    SLICE_X11Y45         LUT2 (Prop_lut2_I1_O)        0.124 30008.982 r  ps2_interface/scancode[7]_i_1/O
                         net (fo=8, routed)           0.613 30009.596    ps2_interface/scancode[7]_i_1_n_0
    SLICE_X10Y45         FDCE                                         r  ps2_interface/scancode_reg[0]/CE
  -------------------------------------------------------------------    -------------------

                         (clock ps2_clk fall edge)90000.000 90000.000 f  
    C17                                               0.000 90000.000 f  PS2Clk (IN)
                         net (fo=0)                   0.000 90000.000    PS2Clk
    C17                  IBUF (Prop_ibuf_I_O)         1.378 90001.375 f  PS2Clk_IBUF_inst/O
                         net (fo=1, routed)           2.155 90003.531    PS2Clk_IBUF
    BUFGCTRL_X0Y16       BUFG (Prop_bufg_I_O)         0.091 90003.625 f  PS2Clk_IBUF_BUFG_inst/O
                         net (fo=34, routed)          1.454 90005.078    ps2_interface/CLK
    SLICE_X10Y45         FDCE                                         r  ps2_interface/scancode_reg[0]/C  (IS_INVERTED)
                         clock pessimism              0.285 90005.359    
                         clock uncertainty           -0.035 90005.320    
    SLICE_X10Y45         FDCE (Setup_fdce_C_CE)      -0.164 90005.156    ps2_interface/scancode_reg[0]
  -------------------------------------------------------------------
                         required time                      90005.156    
                         arrival time                       -30009.594    
  -------------------------------------------------------------------
                         slack                              59995.566    





Min Delay Paths
--------------------------------------------------------------------------------------
Slack (MET) :             0.138ns  (arrival time - required time)
  Source:                 ps2_interface/bit_count_reg[2]/C
                            (falling edge-triggered cell FDCE clocked by ps2_clk  {rise@0.000ns fall@30000.000ns period=60000.000ns})
  Destination:            ps2_interface/bit_count_reg[3]/D
                            (falling edge-triggered cell FDCE clocked by ps2_clk  {rise@0.000ns fall@30000.000ns period=60000.000ns})
  Path Group:             ps2_clk
  Path Type:              Hold (Min at Fast Process Corner)
  Requirement:            0.000ns  (ps2_clk fall@30000.000ns - ps2_clk fall@30000.000ns)
  Data Path Delay:        0.276ns  (logic 0.191ns (69.081%)  route 0.085ns (30.819%))
  Logic Levels:           1  (LUT4=1)
  Clock Path Skew:        0.012ns (DCD - SCD - CPR)
    Destination Clock Delay (DCD):    2.134ns = ( 30002.133 - 30000.000 ) 
    Source Clock Delay      (SCD):    1.612ns = ( 30001.611 - 30000.000 ) 
    Clock Pessimism Removal (CPR):    0.510ns

    Location             Delay type                Incr(ns)  Path(ns)    Netlist Resource(s)
  -------------------------------------------------------------------    -------------------
                         (clock ps2_clk fall edge)30000.000 30000.000 f  
    C17                                               0.000 30000.000 f  PS2Clk (IN)
                         net (fo=0)                   0.000 30000.000    PS2Clk
    C17                  IBUF (Prop_ibuf_I_O)         0.217 30000.217 f  PS2Clk_IBUF_inst/O
                         net (fo=1, routed)           0.802 30001.018    PS2Clk_IBUF
    BUFGCTRL_X0Y16       BUFG (Prop_bufg_I_O)         0.026 30001.043 f  PS2Clk_IBUF_BUFG_inst/O
                         net (fo=34, routed)          0.568 30001.611    ps2_interface/CLK
    SLICE_X11Y44         FDCE                                         r  ps2_interface/bit_count_reg[2]/C  (IS_INVERTED)
  -------------------------------------------------------------------    -------------------
    SLICE_X11Y44         FDCE (Prop_fdce_C_Q)         0.146 30001.758 r  ps2_interface/bit_count_reg[2]/Q
                         net (fo=5, routed)           0.085 30001.844    ps2_interface/bit_count[2]
    SLICE_X10Y44         LUT4 (Prop_lut4_I1_O)        0.045 30001.889 r  ps2_interface/bit_count[3]_i_1/O
                         net (fo=1, routed)           0.000 30001.889    ps2_interface/bit_count[3]_i_1_n_0
    SLICE_X10Y44         FDCE                                         r  ps2_interface/bit_count_reg[3]/D
  -------------------------------------------------------------------    -------------------

                         (clock ps2_clk fall edge)30000.000 30000.000 f  
    C17                                               0.000 30000.000 f  PS2Clk (IN)
                         net (fo=0)                   0.000 30000.000    PS2Clk
    C17                  IBUF (Prop_ibuf_I_O)         0.404 30000.404 f  PS2Clk_IBUF_inst/O
                         net (fo=1, routed)           0.865 30001.270    PS2Clk_IBUF
    BUFGCTRL_X0Y16       BUFG (Prop_bufg_I_O)         0.029 30001.299 f  PS2Clk_IBUF_BUFG_inst/O
                         net (fo=34, routed)          0.838 30002.137    ps2_interface/CLK
    SLICE_X10Y44         FDCE                                         r  ps2_interface/bit_count_reg[3]/C  (IS_INVERTED)
                         clock pessimism             -0.510 30001.627    
    SLICE_X10Y44         FDCE (Hold_fdce_C_D)         0.125 30001.752    ps2_interface/bit_count_reg[3]
  -------------------------------------------------------------------
                         required time                      -30001.750    
                         arrival time                       30001.887    
  -------------------------------------------------------------------
                         slack                                  0.138    





Pulse Width Checks
--------------------------------------------------------------------------------------
Clock Name:         ps2_clk
Waveform(ns):       { 0.000 30000.000 }
Period(ns):         60000.000
Sources:            { PS2Clk }

Check Type        Corner  Lib Pin  Reference Pin  Required(ns)  Actual(ns)  Slack(ns)  Location        Pin
Min Period        n/a     BUFG/I   n/a            2.155         59999.998   59997.845  BUFGCTRL_X0Y16  PS2Clk_IBUF_BUFG_inst/I
Low Pulse Width   Fast    FDCE/C   n/a            0.500         29999.997   29999.497  SLICE_X11Y44    ps2_interface/bit_count_reg[0]/C
High Pulse Width  Slow    FDCE/C   n/a            0.500         29999.999   29999.499  SLICE_X11Y44    ps2_interface/bit_count_reg[0]/C



---------------------------------------------------------------------------------------------------
From Clock:  sys_clk_pin
  To Clock:  sys_clk_pin

Setup :            0  Failing Endpoints,  Worst Slack        1.239ns,  Total Violation        0.000ns
Hold  :            0  Failing Endpoints,  Worst Slack        0.060ns,  Total Violation        0.000ns
PW    :            0  Failing Endpoints,  Worst Slack        4.500ns,  Total Violation        0.000ns
---------------------------------------------------------------------------------------------------


Max Delay Paths
--------------------------------------------------------------------------------------
Slack (MET) :             1.239ns  (required time - arrival time)
  Source:                 snake/length_reg[4]/C
                            (rising edge-triggered cell FDRE clocked by sys_clk_pin  {rise@0.000ns fall@5.000ns period=10.000ns})
  Destination:            vga_interface/vgaGreen_reg[3]/D
                            (rising edge-triggered cell FDRE clocked by sys_clk_pin  {rise@0.000ns fall@5.000ns period=10.000ns})
  Path Group:             sys_clk_pin
  Path Type:              Setup (Max at Slow Process Corner)
  Requirement:            10.000ns  (sys_clk_pin rise@10.000ns - sys_clk_pin rise@0.000ns)
  Data Path Delay:        8.674ns  (logic 1.510ns (17.408%)  route 7.164ns (82.592%))
  Logic Levels:           8  (LUT5=2 LUT6=6)
  Clock Path Skew:        -0.133ns (DCD - SCD + CPR)
    Destination Clock Delay (DCD):    4.779ns = ( 14.779 - 10.000 ) 
    Source Clock Delay      (SCD):    5.091ns
    Clock Pessimism Removal (CPR):    0.180ns
  Clock Uncertainty:      0.035ns  ((TSJ^2 + TIJ^2)^1/2 + DJ) / 2 + PE
    Total System Jitter     (TSJ):    0.071ns
    Total Input Jitter      (TIJ):    0.000ns
    Discrete Jitter          (DJ):    0.000ns
    Phase Error              (PE):    0.000ns

    Location             Delay type                Incr(ns)  Path(ns)    Netlist Resource(s)
  -------------------------------------------------------------------    -------------------
                         (clock sys_clk_pin rise edge)
                                                      0.000     0.000 r  
    W5                                                0.000     0.000 r  clk (IN)
                         net (fo=0)                   0.000     0.000    clk
    W5                   IBUF (Prop_ibuf_I_O)         1.458     1.458 r  clk_IBUF_inst/O
                         net (fo=1, routed)           1.967     3.425    clk_IBUF
    BUFGCTRL_X0Y0        BUFG (Prop_bufg_I_O)         0.096     3.521 r  clk_IBUF_BUFG_inst/O
                         net (fo=1098, routed)        1.570     5.091    snake/clk_IBUF_BUFG
    SLICE_X14Y48         FDRE                                         r  snake/length_reg[4]/C
  -------------------------------------------------------------------    -------------------
    SLICE_X14Y48         FDRE (Prop_fdre_C_Q)         0.518     5.609 f  snake/length_reg[4]/Q
                         net (fo=64, routed)          2.028     7.637    snake/length[4]
    SLICE_X7Y71          LUT6 (Prop_lut6_I2_O)        0.124     7.761 f  snake/hit_self_r_i_158/O
                         net (fo=2, routed)           0.746     8.508    snake/hit_self3112_in
    SLICE_X6Y75          LUT5 (Prop_lut5_I4_O)        0.124     8.632 f  snake/vgaBlue[2]_i_102/O
                         net (fo=1, routed)           0.604     9.236    snake/vgaBlue[2]_i_102_n_0
    SLICE_X7Y73          LUT5 (Prop_lut5_I4_O)        0.124     9.360 f  snake/vgaBlue[2]_i_50/O
                         net (fo=1, routed)           0.363     9.723    snake/on_snake_q1113_out
    SLICE_X7Y73          LUT6 (Prop_lut6_I5_O)        0.124     9.847 f  snake/vgaBlue[2]_i_14/O
                         net (fo=1, routed)           0.664    10.511    snake/vgaBlue[2]_i_14_n_0
    SLICE_X9Y69          LUT6 (Prop_lut6_I3_O)        0.124    10.635 f  snake/vgaBlue[2]_i_4/O
                         net (fo=2, routed)           1.204    11.839    snake/vgaBlue[2]_i_4_n_0
    SLICE_X13Y53         LUT6 (Prop_lut6_I0_O)        0.124    11.963 f  snake/vgaRed[2]_i_11/O
                         net (fo=4, routed)           0.987    12.950    snake/vgaRed[2]_i_11_n_0
    SLICE_X8Y59          LUT6 (Prop_lut6_I1_O)        0.124    13.074 r  snake/vgaGreen[3]_i_3/O
                         net (fo=1, routed)           0.567    13.641    vga_interface/vgaGreen_reg[3]_1
    SLICE_X8Y59          LUT6 (Prop_lut6_I4_O)        0.124    13.765 r  vga_interface/vgaGreen[3]_i_1/O
                         net (fo=1, routed)           0.000    13.765    vga_interface/vgaGreen[3]_i_1_n_0
    SLICE_X8Y59          FDRE                                         r  vga_interface/vgaGreen_reg[3]/D
  -------------------------------------------------------------------    -------------------

                         (clock sys_clk_pin rise edge)
                                                     10.000    10.000 r  
    W5                                                0.000    10.000 r  clk (IN)
                         net (fo=0)                   0.000    10.000    clk
    W5                   IBUF (Prop_ibuf_I_O)         1.388    11.388 r  clk_IBUF_inst/O
                         net (fo=1, routed)           1.862    13.250    clk_IBUF
    BUFGCTRL_X0Y0        BUFG (Prop_bufg_I_O)         0.091    13.341 r  clk_IBUF_BUFG_inst/O
                         net (fo=1098, routed)        1.438    14.779    vga_interface/clk_IBUF_BUFG
    SLICE_X8Y59          FDRE                                         r  vga_interface/vgaGreen_reg[3]/C
                         clock pessimism              0.180    14.959    
                         clock uncertainty           -0.035    14.923    
    SLICE_X8Y59          FDRE (Setup_fdre_C_D)        0.081    15.004    vga_interface/vgaGreen_reg[3]
  -------------------------------------------------------------------
                         required time                         15.004    
                         arrival time                         -13.765    
  -------------------------------------------------------------------
                         slack                                  1.239    





Min Delay Paths
--------------------------------------------------------------------------------------
Slack (MET) :             0.060ns  (arrival time - required time)
  Source:                 snake/body_x_reg[8][2]/C
                            (rising edge-triggered cell FDRE clocked by sys_clk_pin  {rise@0.000ns fall@5.000ns period=10.000ns})
  Destination:            snake/body_x_reg[9][2]/D
                            (rising edge-triggered cell FDRE clocked by sys_clk_pin  {rise@0.000ns fall@5.000ns period=10.000ns})
  Path Group:             sys_clk_pin
  Path Type:              Hold (Min at Fast Process Corner)
  Requirement:            0.000ns  (sys_clk_pin rise@0.000ns - sys_clk_pin rise@0.000ns)
  Data Path Delay:        0.398ns  (logic 0.141ns (35.469%)  route 0.257ns (64.531%))
  Logic Levels:           0  
  Clock Path Skew:        0.268ns (DCD - SCD - CPR)
    Destination Clock Delay (DCD):    1.959ns
    Source Clock Delay      (SCD):    1.447ns
    Clock Pessimism Removal (CPR):    0.244ns

    Location             Delay type                Incr(ns)  Path(ns)    Netlist Resource(s)
  -------------------------------------------------------------------    -------------------
                         (clock sys_clk_pin rise edge)
                                                      0.000     0.000 r  
    W5                                                0.000     0.000 r  clk (IN)
                         net (fo=0)                   0.000     0.000    clk
    W5                   IBUF (Prop_ibuf_I_O)         0.226     0.226 r  clk_IBUF_inst/O
                         net (fo=1, routed)           0.631     0.858    clk_IBUF
    BUFGCTRL_X0Y0        BUFG (Prop_bufg_I_O)         0.026     0.884 r  clk_IBUF_BUFG_inst/O
                         net (fo=1098, routed)        0.564     1.447    snake/clk_IBUF_BUFG
    SLICE_X28Y48         FDRE                                         r  snake/body_x_reg[8][2]/C
  -------------------------------------------------------------------    -------------------
    SLICE_X28Y48         FDRE (Prop_fdre_C_Q)         0.141     1.588 r  snake/body_x_reg[8][2]/Q
                         net (fo=3, routed)           0.257     1.845    snake/body_x_reg[8]_16[2]
    SLICE_X29Y50         FDRE                                         r  snake/body_x_reg[9][2]/D
  -------------------------------------------------------------------    -------------------

                         (clock sys_clk_pin rise edge)
                                                      0.000     0.000 r  
    W5                                                0.000     0.000 r  clk (IN)
                         net (fo=0)                   0.000     0.000    clk
    W5                   IBUF (Prop_ibuf_I_O)         0.414     0.414 r  clk_IBUF_inst/O
                         net (fo=1, routed)           0.685     1.099    clk_IBUF
    BUFGCTRL_X0Y0        BUFG (Prop_bufg_I_O)         0.029     1.128 r  clk_IBUF_BUFG_inst/O
                         net (fo=1098, routed)        0.832     1.959    snake/clk_IBUF_BUFG
    SLICE_X29Y50         FDRE                                         r  snake/body_x_reg[9][2]/C
                         clock pessimism             -0.244     1.715    
    SLICE_X29Y50         FDRE (Hold_fdre_C_D)         0.070     1.785    snake/body_x_reg[9][2]
  -------------------------------------------------------------------
                         required time                         -1.785    
                         arrival time                           1.845    
  -------------------------------------------------------------------
                         slack                                  0.060    





Pulse Width Checks
--------------------------------------------------------------------------------------
Clock Name:         sys_clk_pin
Waveform(ns):       { 0.000 5.000 }
Period(ns):         10.000
Sources:            { clk }

Check Type        Corner  Lib Pin  Reference Pin  Required(ns)  Actual(ns)  Slack(ns)  Location       Pin
Min Period        n/a     BUFG/I   n/a            2.155         10.000      7.845      BUFGCTRL_X0Y0  clk_IBUF_BUFG_inst/I
Low Pulse Width   Slow    FDRE/C   n/a            0.500         5.000       4.500      SLICE_X11Y38   debouncer/counter_reg[0]/C
High Pulse Width  Slow    FDRE/C   n/a            0.500         5.000       4.500      SLICE_X11Y38   debouncer/counter_reg[0]/C



---------------------------------------------------------------------------------------------------
Path Group:  **async_default**
From Clock:  sys_clk_pin
  To Clock:  sys_clk_pin

Setup :            0  Failing Endpoints,  Worst Slack        7.575ns,  Total Violation        0.000ns
Hold  :            0  Failing Endpoints,  Worst Slack        0.729ns,  Total Violation        0.000ns
---------------------------------------------------------------------------------------------------


Max Delay Paths
--------------------------------------------------------------------------------------
Slack (MET) :             7.575ns  (required time - arrival time)
  Source:                 debouncer/output_stable_reg/C
                            (rising edge-triggered cell FDRE clocked by sys_clk_pin  {rise@0.000ns fall@5.000ns period=10.000ns})
  Destination:            seg_7_display/clkdiv_reg[0]/CLR
                            (recovery check against rising-edge clock sys_clk_pin  {rise@0.000ns fall@5.000ns period=10.000ns})
  Path Group:             **async_default**
  Path Type:              Recovery (Max at Slow Process Corner)
  Requirement:            10.000ns  (sys_clk_pin rise@10.000ns - sys_clk_pin rise@0.000ns)
  Data Path Delay:        2.092ns  (logic 0.456ns (21.794%)  route 1.636ns (78.206%))
  Logic Levels:           0  
  Clock Path Skew:        0.022ns (DCD - SCD + CPR)
    Destination Clock Delay (DCD):    4.853ns = ( 14.853 - 10.000 ) 
    Source Clock Delay      (SCD):    5.091ns
    Clock Pessimism Removal (CPR):    0.260ns
  Clock Uncertainty:      0.035ns  ((TSJ^2 + TIJ^2)^1/2 + DJ) / 2 + PE
    Total System Jitter     (TSJ):    0.071ns
    Total Input Jitter      (TIJ):    0.000ns
    Discrete Jitter          (DJ):    0.000ns
    Phase Error              (PE):    0.000ns

    Location             Delay type                Incr(ns)  Path(ns)    Netlist Resource(s)
  -------------------------------------------------------------------    -------------------
                         (clock sys_clk_pin rise edge)
                                                      0.000     0.000 r  
    W5                                                0.000     0.000 r  clk (IN)
                         net (fo=0)                   0.000     0.000    clk
    W5                   IBUF (Prop_ibuf_I_O)         1.458     1.458 r  clk_IBUF_inst/O
                         net (fo=1, routed)           1.967     3.425    clk_IBUF
    BUFGCTRL_X0Y0        BUFG (Prop_bufg_I_O)         0.096     3.521 r  clk_IBUF_BUFG_inst/O
                         net (fo=1098, routed)        1.570     5.091    debouncer/clk_IBUF_BUFG
    SLICE_X11Y48         FDRE                                         r  debouncer/output_stable_reg/C
  -------------------------------------------------------------------    -------------------
    SLICE_X11Y48         FDRE (Prop_fdre_C_Q)         0.456     5.547 f  debouncer/output_stable_reg/Q
                         net (fo=134, routed)         1.636     7.184    seg_7_display/reset
    SLICE_X6Y36          FDCE                                         f  seg_7_display/clkdiv_reg[0]/CLR
  -------------------------------------------------------------------    -------------------

                         (clock sys_clk_pin rise edge)
                                                     10.000    10.000 r  
    W5                                                0.000    10.000 r  clk (IN)
                         net (fo=0)                   0.000    10.000    clk
    W5                   IBUF (Prop_ibuf_I_O)         1.388    11.388 r  clk_IBUF_inst/O
                         net (fo=1, routed)           1.862    13.250    clk_IBUF
    BUFGCTRL_X0Y0        BUFG (Prop_bufg_I_O)         0.091    13.341 r  clk_IBUF_BUFG_inst/O
                         net (fo=1098, routed)        1.512    14.853    seg_7_display/clk_IBUF_BUFG
    SLICE_X6Y36          FDCE                                         r  seg_7_display/clkdiv_reg[0]/C
                         clock pessimism              0.260    15.113    
                         clock uncertainty           -0.035    15.078    
    SLICE_X6Y36          FDCE (Recov_fdce_C_CLR)     -0.319    14.759    seg_7_display/clkdiv_reg[0]
  -------------------------------------------------------------------
                         required time                         14.759    
                         arrival time                          -7.184    
  -------------------------------------------------------------------
                         slack                                  7.575    





Min Delay Paths
--------------------------------------------------------------------------------------
Slack (MET) :             0.729ns  (arrival time - required time)
  Source:                 debouncer/output_stable_reg/C
                            (rising edge-triggered cell FDRE clocked by sys_clk_pin  {rise@0.000ns fall@5.000ns period=10.000ns})
  Destination:            seg_7_display/clkdiv_reg[12]/CLR
                            (removal check against rising-edge clock sys_clk_pin  {rise@0.000ns fall@5.000ns period=10.000ns})
  Path Group:             **async_default**
  Path Type:              Removal (Min at Fast Process Corner)
  Requirement:            0.000ns  (sys_clk_pin rise@0.000ns - sys_clk_pin rise@0.000ns)
  Data Path Delay:        0.723ns  (logic 0.141ns (19.507%)  route 0.582ns (80.493%))
  Logic Levels:           0  
  Clock Path Skew:        0.061ns (DCD - SCD - CPR)
    Destination Clock Delay (DCD):    1.989ns
    Source Clock Delay      (SCD):    1.450ns
    Clock Pessimism Removal (CPR):    0.478ns

    Location             Delay type                Incr(ns)  Path(ns)    Netlist Resource(s)
  -------------------------------------------------------------------    -------------------
                         (clock sys_clk_pin rise edge)
                                                      0.000     0.000 r  
    W5                                                0.000     0.000 r  clk (IN)
                         net (fo=0)                   0.000     0.000    clk
    W5                   IBUF (Prop_ibuf_I_O)         0.226     0.226 r  clk_IBUF_inst/O
                         net (fo=1, routed)           0.631     0.858    clk_IBUF
    BUFGCTRL_X0Y0        BUFG (Prop_bufg_I_O)         0.026     0.884 r  clk_IBUF_BUFG_inst/O
                         net (fo=1098, routed)        0.567     1.450    debouncer/clk_IBUF_BUFG
    SLICE_X11Y48         FDRE                                         r  debouncer/output_stable_reg/C
  -------------------------------------------------------------------    -------------------
    SLICE_X11Y48         FDRE (Prop_fdre_C_Q)         0.141     1.591 f  debouncer/output_stable_reg/Q
                         net (fo=134, routed)         0.582     2.173    seg_7_display/reset
    SLICE_X6Y39          FDCE                                         f  seg_7_display/clkdiv_reg[12]/CLR
  -------------------------------------------------------------------    -------------------

                         (clock sys_clk_pin rise edge)
                                                      0.000     0.000 r  
    W5                                                0.000     0.000 r  clk (IN)
                         net (fo=0)                   0.000     0.000    clk
    W5                   IBUF (Prop_ibuf_I_O)         0.414     0.414 r  clk_IBUF_inst/O
                         net (fo=1, routed)           0.685     1.099    clk_IBUF
    BUFGCTRL_X0Y0        BUFG (Prop_bufg_I_O)         0.029     1.128 r  clk_IBUF_BUFG_inst/O
                         net (fo=1098, routed)        0.862     1.989    seg_7_display/clk_IBUF_BUFG
    SLICE_X6Y39          FDCE                                         r  seg_7_display/clkdiv_reg[12]/C
                         clock pessimism             -0.478     1.511    
    SLICE_X6Y39          FDCE (Remov_fdce_C_CLR)     -0.067     1.444    seg_7_display/clkdiv_reg[12]
  -------------------------------------------------------------------
                         required time                         -1.444    
                         arrival time                           2.173    
  -------------------------------------------------------------------
                         slack                                  0.729    





